0 info it worked if it ends with ok
1 verbose cli [ 'C:\\Program Files\\nodejs\\node.exe',
1 verbose cli   'C:\\Program Files\\nodejs\\node_modules\\npm\\bin\\npm-cli.js',
1 verbose cli   'run',
1 verbose cli   'sass' ]
2 info using npm@3.10.10
3 info using node@v6.11.3
4 verbose run-script [ 'presass', 'sass', 'postsass' ]
5 info lifecycle material-color@1.0.2~presass: material-color@1.0.2
6 silly lifecycle material-color@1.0.2~presass: no script for presass, continuing
7 info lifecycle material-color@1.0.2~sass: material-color@1.0.2
8 verbose lifecycle material-color@1.0.2~sass: unsafe-perm in lifecycle true
9 verbose lifecycle material-color@1.0.2~sass: PATH: C:\Program Files\nodejs\node_modules\npm\bin\node-gyp-bin;C:\Users\Jack\code\material-color\node_modules\.bin;C:\Users\Jack\bin;C:\Program Files\Git\mingw64\bin;C:\Program Files\Git\usr\local\bin;C:\Program Files\Git\usr\bin;C:\Program Files\Git\usr\bin;C:\Program Files\Git\mingw64\bin;C:\Program Files\Git\usr\bin;C:\Users\Jack\bin;C:\Program Files\PHP\v5.3;C:\ProgramData\Oracle\Java\javapath;C:\Program Files\Common Files\Microsoft Shared\Windows Live;C:\Program Files (x86)\Common Files\Microsoft Shared\Windows Live;C:\Program Files (x86)\NVIDIA Corporation\PhysX\Common;C:\WINDOWS\system32;C:\WINDOWS;C:\WINDOWS\System32\Wbem;C:\WINDOWS\System32\WindowsPowerShell\v1.0;C:\Program Files\WIDCOMM\Bluetooth Software;C:\Program Files\WIDCOMM\Bluetooth Software\syswow64;C:\Program Files (x86)\Windows Live\Shared;C:\Program Files (x86)\Common Files\Autodesk Shared;C:\Program Files\Common Files\Autodesk Shared;C:\Program Files (x86)\QuickTime\QTSystem;C:\Program Files (x86)\CineForm\Tools;C:\Program Files\Microsoft Network Monitor 3;C:\WINDOWS\system32;C:\WINDOWS;C:\WINDOWS\System32\Wbem;C:\WINDOWS\System32\WindowsPowerShell\v1.0;C:\Program Files\PuTTY;C:\Program Files\Git\cmd;C:\ProgramData\ComposerSetup\bin;C:\wamp64\bin\php\php7.0.10;C:\wamp64\www\smoke\bin\cake;C:\Program Files\nodejs;C:\Program Files (x86)\Yarn\bin;C:\WINDOWS\System32\OpenSSH;C:\Ruby22\bin;C:\Users\Jack\AppData\Local\Microsoft\WindowsApps;C:\Users\Jack\AppData\Local\atom\bin;C:\Users\Jack\AppData\Roaming\Composer\vendor\bin;C:\wamp64\www;C:\wamp64\bin\php\php5.3.8;C:\Users\Jack\AppData\Roaming\npm;C:\Users\Jack\AppData\Local\Yarn\bin;C:\Users\Jack\AppData\Local\Microsoft\WindowsApps;C:\Program Files\Sublime Text 3;C:\Program Files\Git\usr\bin\vendor_perl;C:\Program Files\Git\usr\bin\core_perl
10 verbose lifecycle material-color@1.0.2~sass: CWD: C:\Users\Jack\code\material-color
11 silly lifecycle material-color@1.0.2~sass: Args: [ '/d /s /c', 'node sass -w scss/style.scss ./' ]
12 silly lifecycle material-color@1.0.2~sass: Returned: code: 1  signal: null
13 info lifecycle material-color@1.0.2~sass: Failed to exec sass script
14 verbose stack Error: material-color@1.0.2 sass: `node sass -w scss/style.scss ./`
14 verbose stack Exit status 1
14 verbose stack     at EventEmitter.<anonymous> (C:\Program Files\nodejs\node_modules\npm\lib\utils\lifecycle.js:255:16)
14 verbose stack     at emitTwo (events.js:106:13)
14 verbose stack     at EventEmitter.emit (events.js:191:7)
14 verbose stack     at ChildProcess.<anonymous> (C:\Program Files\nodejs\node_modules\npm\lib\utils\spawn.js:40:14)
14 verbose stack     at emitTwo (events.js:106:13)
14 verbose stack     at ChildProcess.emit (events.js:191:7)
14 verbose stack     at maybeClose (internal/child_process.js:920:16)
14 verbose stack     at Process.ChildProcess._handle.onexit (internal/child_process.js:230:5)
15 verbose pkgid material-color@1.0.2
16 verbose cwd C:\Users\Jack\code\material-color
17 error Windows_NT 10.0.17134
18 error argv "C:\\Program Files\\nodejs\\node.exe" "C:\\Program Files\\nodejs\\node_modules\\npm\\bin\\npm-cli.js" "run" "sass"
19 error node v6.11.3
20 error npm  v3.10.10
21 error code ELIFECYCLE
22 error material-color@1.0.2 sass: `node sass -w scss/style.scss ./`
22 error Exit status 1
23 error Failed at the material-color@1.0.2 sass script 'node sass -w scss/style.scss ./'.
23 error Make sure you have the latest version of node.js and npm installed.
23 error If you do, this is most likely a problem with the material-color package,
23 error not with npm itself.
23 error Tell the author that this fails on your system:
23 error     node sass -w scss/style.scss ./
23 error You can get information on how to open an issue for this project with:
23 error     npm bugs material-color
23 error Or if that isn't available, you can get their info via:
23 error     npm owner ls material-color
23 error There is likely additional logging output above.
24 verbose exit [ 1, true ]
